2023-04-25T09:51:58+00:00 CRITICAL Uncaught Error: Call to undefined method Carbon_Fields\Container\Post_Meta_Container::set_conditional_logic() in /var/www/html/wp-study.loc/wp-content/themes/study-theme/inc/cbf.php:93
Stack trace:
#0 /var/www/html/wp-study.loc/wp-includes/class-wp-hook.php(308): home_page_fields()
#1 /var/www/html/wp-study.loc/wp-includes/class-wp-hook.php(332): WP_Hook->apply_filters()
#2 /var/www/html/wp-study.loc/wp-includes/plugin.php(517): WP_Hook->do_action()
#3 /var/www/html/wp-study.loc/wp-content/themes/study-theme/vendor/htmlburger/carbon-fields/core/Loader/Loader.php(113): do_action()
#4 /var/www/html/wp-study.loc/wp-includes/class-wp-hook.php(308): Carbon_Fields\Loader\Loader->trigger_fields_register()
#5 /var/www/html/wp-study.loc/wp-includes/class-wp-hook.php(332): WP_Hook->apply_filters()
#6 /var/www/html/wp-study.loc/wp-includes/plugin.php(517): WP_Hook->do_action()
#7 /var/www/html/wp-study.loc/wp-settings.php(623): do_action()
#8 /var/www/html/wp-study.loc/wp-config.php(96): require_once('/var/www/html/w... у /var/www/html/wp-study.loc/wp-content/themes/study-theme/inc/cbf.php доступно 93

2023-04-25T09:52:13+00:00 CRITICAL Uncaught Error: Call to undefined method Carbon_Fields\Container\Post_Meta_Container::set_conditional_logic() in /var/www/html/wp-study.loc/wp-content/themes/study-theme/inc/cbf.php:93
Stack trace:
#0 /var/www/html/wp-study.loc/wp-includes/class-wp-hook.php(308): home_page_fields()
#1 /var/www/html/wp-study.loc/wp-includes/class-wp-hook.php(332): WP_Hook->apply_filters()
#2 /var/www/html/wp-study.loc/wp-includes/plugin.php(517): WP_Hook->do_action()
#3 /var/www/html/wp-study.loc/wp-content/themes/study-theme/vendor/htmlburger/carbon-fields/core/Loader/Loader.php(113): do_action()
#4 /var/www/html/wp-study.loc/wp-includes/class-wp-hook.php(308): Carbon_Fields\Loader\Loader->trigger_fields_register()
#5 /var/www/html/wp-study.loc/wp-includes/class-wp-hook.php(332): WP_Hook->apply_filters()
#6 /var/www/html/wp-study.loc/wp-includes/plugin.php(517): WP_Hook->do_action()
#7 /var/www/html/wp-study.loc/wp-settings.php(623): do_action()
#8 /var/www/html/wp-study.loc/wp-config.php(96): require_once('/var/www/html/w... у /var/www/html/wp-study.loc/wp-content/themes/study-theme/inc/cbf.php доступно 93

2023-04-25T09:52:14+00:00 CRITICAL Uncaught Error: Call to undefined method Carbon_Fields\Container\Post_Meta_Container::set_conditional_logic() in /var/www/html/wp-study.loc/wp-content/themes/study-theme/inc/cbf.php:93
Stack trace:
#0 /var/www/html/wp-study.loc/wp-includes/class-wp-hook.php(308): home_page_fields()
#1 /var/www/html/wp-study.loc/wp-includes/class-wp-hook.php(332): WP_Hook->apply_filters()
#2 /var/www/html/wp-study.loc/wp-includes/plugin.php(517): WP_Hook->do_action()
#3 /var/www/html/wp-study.loc/wp-content/themes/study-theme/vendor/htmlburger/carbon-fields/core/Loader/Loader.php(113): do_action()
#4 /var/www/html/wp-study.loc/wp-includes/class-wp-hook.php(308): Carbon_Fields\Loader\Loader->trigger_fields_register()
#5 /var/www/html/wp-study.loc/wp-includes/class-wp-hook.php(332): WP_Hook->apply_filters()
#6 /var/www/html/wp-study.loc/wp-includes/plugin.php(517): WP_Hook->do_action()
#7 /var/www/html/wp-study.loc/wp-settings.php(623): do_action()
#8 /var/www/html/wp-study.loc/wp-config.php(96): require_once('/var/www/html/w... у /var/www/html/wp-study.loc/wp-content/themes/study-theme/inc/cbf.php доступно 93

2023-04-25T09:52:14+00:00 CRITICAL Uncaught Error: Call to undefined method Carbon_Fields\Container\Post_Meta_Container::set_conditional_logic() in /var/www/html/wp-study.loc/wp-content/themes/study-theme/inc/cbf.php:93
Stack trace:
#0 /var/www/html/wp-study.loc/wp-includes/class-wp-hook.php(308): home_page_fields()
#1 /var/www/html/wp-study.loc/wp-includes/class-wp-hook.php(332): WP_Hook->apply_filters()
#2 /var/www/html/wp-study.loc/wp-includes/plugin.php(517): WP_Hook->do_action()
#3 /var/www/html/wp-study.loc/wp-content/themes/study-theme/vendor/htmlburger/carbon-fields/core/Loader/Loader.php(113): do_action()
#4 /var/www/html/wp-study.loc/wp-includes/class-wp-hook.php(308): Carbon_Fields\Loader\Loader->trigger_fields_register()
#5 /var/www/html/wp-study.loc/wp-includes/class-wp-hook.php(332): WP_Hook->apply_filters()
#6 /var/www/html/wp-study.loc/wp-includes/plugin.php(517): WP_Hook->do_action()
#7 /var/www/html/wp-study.loc/wp-settings.php(623): do_action()
#8 /var/www/html/wp-study.loc/wp-config.php(96): require_once('/var/www/html/w... у /var/www/html/wp-study.loc/wp-content/themes/study-theme/inc/cbf.php доступно 93

