2023-11-15T07:44:32+00:00 CRITICAL require_once(): Failed opening required 'vendor/autoload.php' (include_path='.:/usr/share/php') in /var/www/html/wp-study.loc/wp-content/themes/brew/inc/carbon-fields.php on line 9

2023-11-15T07:44:34+00:00 CRITICAL require_once(): Failed opening required 'vendor/autoload.php' (include_path='.:/usr/share/php') in /var/www/html/wp-study.loc/wp-content/themes/brew/inc/carbon-fields.php on line 9

2023-11-15T07:44:34+00:00 CRITICAL require_once(): Failed opening required 'vendor/autoload.php' (include_path='.:/usr/share/php') in /var/www/html/wp-study.loc/wp-content/themes/brew/inc/carbon-fields.php on line 9

2023-11-15T07:44:34+00:00 CRITICAL require_once(): Failed opening required 'vendor/autoload.php' (include_path='.:/usr/share/php') in /var/www/html/wp-study.loc/wp-content/themes/brew/inc/carbon-fields.php on line 9

2023-11-15T07:45:12+00:00 CRITICAL require_once(): Failed opening required '/var/www/html/wp-study.loc/wp-content/themes/brew/incvendor/autoload.php' (include_path='.:/usr/share/php') in /var/www/html/wp-study.loc/wp-content/themes/brew/inc/carbon-fields.php on line 9

2023-11-15T07:45:12+00:00 CRITICAL require_once(): Failed opening required '/var/www/html/wp-study.loc/wp-content/themes/brew/incvendor/autoload.php' (include_path='.:/usr/share/php') in /var/www/html/wp-study.loc/wp-content/themes/brew/inc/carbon-fields.php on line 9

2023-11-15T07:45:27+00:00 CRITICAL require_once(): Failed opening required '../vendor/autoload.php' (include_path='.:/usr/share/php') in /var/www/html/wp-study.loc/wp-content/themes/brew/inc/carbon-fields.php on line 9

2023-11-15T07:45:28+00:00 CRITICAL require_once(): Failed opening required '../vendor/autoload.php' (include_path='.:/usr/share/php') in /var/www/html/wp-study.loc/wp-content/themes/brew/inc/carbon-fields.php on line 9

2023-11-15T07:45:29+00:00 CRITICAL require_once(): Failed opening required '../vendor/autoload.php' (include_path='.:/usr/share/php') in /var/www/html/wp-study.loc/wp-content/themes/brew/inc/carbon-fields.php on line 9

2023-11-15T07:45:30+00:00 CRITICAL require_once(): Failed opening required '../vendor/autoload.php' (include_path='.:/usr/share/php') in /var/www/html/wp-study.loc/wp-content/themes/brew/inc/carbon-fields.php on line 9

2023-11-15T07:45:55+00:00 CRITICAL require(): Failed opening required '/../vendor/autoload.php' (include_path='.:/usr/share/php') in /var/www/html/wp-study.loc/wp-content/themes/brew/inc/carbon-fields.php on line 9

2023-11-15T07:45:55+00:00 CRITICAL require(): Failed opening required '/../vendor/autoload.php' (include_path='.:/usr/share/php') in /var/www/html/wp-study.loc/wp-content/themes/brew/inc/carbon-fields.php on line 9

2023-11-15T07:45:57+00:00 CRITICAL require(): Failed opening required '/../vendor/autoload.php' (include_path='.:/usr/share/php') in /var/www/html/wp-study.loc/wp-content/themes/brew/inc/carbon-fields.php on line 9

2023-11-15T07:45:57+00:00 CRITICAL require(): Failed opening required '/../vendor/autoload.php' (include_path='.:/usr/share/php') in /var/www/html/wp-study.loc/wp-content/themes/brew/inc/carbon-fields.php on line 9

2023-11-15T07:46:55+00:00 CRITICAL require(): Failed opening required '/var/www/html/wp-study.loc/wp-content/themes/brewvendor/autoload.php' (include_path='.:/usr/share/php') in /var/www/html/wp-study.loc/wp-content/themes/brew/inc/carbon-fields.php on line 9

2023-11-15T07:46:55+00:00 CRITICAL require(): Failed opening required '/var/www/html/wp-study.loc/wp-content/themes/brewvendor/autoload.php' (include_path='.:/usr/share/php') in /var/www/html/wp-study.loc/wp-content/themes/brew/inc/carbon-fields.php on line 9

2023-11-15T07:46:58+00:00 CRITICAL require(): Failed opening required '/var/www/html/wp-study.loc/wp-content/themes/brewvendor/autoload.php' (include_path='.:/usr/share/php') in /var/www/html/wp-study.loc/wp-content/themes/brew/inc/carbon-fields.php on line 9

2023-11-15T07:46:58+00:00 CRITICAL require(): Failed opening required '/var/www/html/wp-study.loc/wp-content/themes/brewvendor/autoload.php' (include_path='.:/usr/share/php') in /var/www/html/wp-study.loc/wp-content/themes/brew/inc/carbon-fields.php on line 9

2023-11-15T09:32:56+00:00 CRITICAL syntax error, unexpected 'Field' (T_STRING), expecting ')' in /var/www/html/wp-study.loc/wp-content/themes/brew/inc/carbon-groups/main-page.php on line 51

2023-11-15T09:34:57+00:00 CRITICAL syntax error, unexpected 'Field' (T_STRING), expecting ')' in /var/www/html/wp-study.loc/wp-content/themes/brew/inc/carbon-groups/main-page.php on line 53

