2023-04-24T09:02:48+00:00 CRITICAL syntax error, unexpected 'class' (T_CLASS) у /var/www/html/wp-study.loc/wp-content/plugins/wpsync-webspark/wpsync-webspark.php доступно 63

2023-04-24T09:03:34+00:00 CRITICAL syntax error, unexpected 'class' (T_CLASS) у /var/www/html/wp-study.loc/wp-content/plugins/wpsync-webspark/wpsync-webspark.php доступно 63

2023-04-24T09:28:10+00:00 CRITICAL Uncaught Error: Call to a member function get_sku() on array in /var/www/html/wp-study.loc/wp-content/plugins/wpsync-webspark/wpsync-webspark.php:68
Stack trace:
#0 /var/www/html/wp-study.loc/wp-settings.php(453): include_once()
#1 /var/www/html/wp-study.loc/wp-config.php(96): require_once('/var/www/html/w...')
#2 /var/www/html/wp-study.loc/wp-load.php(50): require_once('/var/www/html/w...')
#3 /var/www/html/wp-study.loc/wp-admin/admin-ajax.php(22): require_once('/var/www/html/w...')
#4 {main}
  thrown у /var/www/html/wp-study.loc/wp-content/plugins/wpsync-webspark/wpsync-webspark.php доступно 68

2023-04-24T09:28:12+00:00 CRITICAL Uncaught Error: Call to a member function get_sku() on array in /var/www/html/wp-study.loc/wp-content/plugins/wpsync-webspark/wpsync-webspark.php:68
Stack trace:
#0 /var/www/html/wp-study.loc/wp-settings.php(453): include_once()
#1 /var/www/html/wp-study.loc/wp-config.php(96): require_once('/var/www/html/w...')
#2 /var/www/html/wp-study.loc/wp-load.php(50): require_once('/var/www/html/w...')
#3 /var/www/html/wp-study.loc/wp-admin/admin.php(34): require_once('/var/www/html/w...')
#4 /var/www/html/wp-study.loc/wp-admin/edit.php(10): require_once('/var/www/html/w...')
#5 {main}
  thrown у /var/www/html/wp-study.loc/wp-content/plugins/wpsync-webspark/wpsync-webspark.php доступно 68

2023-04-24T09:28:32+00:00 CRITICAL Uncaught Error: Call to a member function get_sku() on array in /var/www/html/wp-study.loc/wp-content/plugins/wpsync-webspark/wpsync-webspark.php:67
Stack trace:
#0 /var/www/html/wp-study.loc/wp-settings.php(453): include_once()
#1 /var/www/html/wp-study.loc/wp-config.php(96): require_once('/var/www/html/w...')
#2 /var/www/html/wp-study.loc/wp-load.php(50): require_once('/var/www/html/w...')
#3 /var/www/html/wp-study.loc/wp-admin/admin.php(34): require_once('/var/www/html/w...')
#4 /var/www/html/wp-study.loc/wp-admin/edit.php(10): require_once('/var/www/html/w...')
#5 {main}
  thrown у /var/www/html/wp-study.loc/wp-content/plugins/wpsync-webspark/wpsync-webspark.php доступно 67

2023-04-24T09:33:48+00:00 CRITICAL Cannot redeclare wc_get_product_id_by_sku() (previously declared in /var/www/html/wp-study.loc/wp-content/plugins/woocommerce/includes/wc-product-functions.php:675) у /var/www/html/wp-study.loc/wp-content/plugins/wpsync-webspark/wpsync-webspark.php доступно 70

2023-04-24T10:16:00+00:00 CRITICAL Uncaught Error: Call to undefined function get_results() in /var/www/html/wp-study.loc/wp-content/themes/study-theme/template-home.php:22
Stack trace:
#0 /var/www/html/wp-study.loc/wp-includes/template-loader.php(106): include()
#1 /var/www/html/wp-study.loc/wp-blog-header.php(19): require_once('/var/www/html/w...')
#2 /var/www/html/wp-study.loc/index.php(17): require('/var/www/html/w...')
#3 {main}
  thrown у /var/www/html/wp-study.loc/wp-content/themes/study-theme/template-home.php доступно 22

2023-04-24T10:18:09+00:00 CRITICAL Uncaught Error: Object of class wpdb could not be converted to string in /var/www/html/wp-study.loc/wp-content/themes/study-theme/template-home.php:22
Stack trace:
#0 /var/www/html/wp-study.loc/wp-includes/template-loader.php(106): include()
#1 /var/www/html/wp-study.loc/wp-blog-header.php(19): require_once('/var/www/html/w...')
#2 /var/www/html/wp-study.loc/index.php(17): require('/var/www/html/w...')
#3 {main}
  thrown у /var/www/html/wp-study.loc/wp-content/themes/study-theme/template-home.php доступно 22

2023-04-24T10:30:17+00:00 CRITICAL Uncaught Error: Object of class stdClass could not be converted to string in /var/www/html/wp-study.loc/wp-content/themes/study-theme/template-home.php:25
Stack trace:
#0 /var/www/html/wp-study.loc/wp-includes/template-loader.php(106): include()
#1 /var/www/html/wp-study.loc/wp-blog-header.php(19): require_once('/var/www/html/w...')
#2 /var/www/html/wp-study.loc/index.php(17): require('/var/www/html/w...')
#3 {main}
  thrown у /var/www/html/wp-study.loc/wp-content/themes/study-theme/template-home.php доступно 25

2023-04-24T10:30:21+00:00 CRITICAL Uncaught Error: Object of class stdClass could not be converted to string in /var/www/html/wp-study.loc/wp-content/themes/study-theme/template-home.php:25
Stack trace:
#0 /var/www/html/wp-study.loc/wp-includes/template-loader.php(106): include()
#1 /var/www/html/wp-study.loc/wp-blog-header.php(19): require_once('/var/www/html/w...')
#2 /var/www/html/wp-study.loc/index.php(17): require('/var/www/html/w...')
#3 {main}
  thrown у /var/www/html/wp-study.loc/wp-content/themes/study-theme/template-home.php доступно 25

2023-04-24T10:30:47+00:00 CRITICAL Uncaught Error: Object of class stdClass could not be converted to string in /var/www/html/wp-study.loc/wp-content/themes/study-theme/template-home.php:25
Stack trace:
#0 /var/www/html/wp-study.loc/wp-includes/template-loader.php(106): include()
#1 /var/www/html/wp-study.loc/wp-blog-header.php(19): require_once('/var/www/html/w...')
#2 /var/www/html/wp-study.loc/index.php(17): require('/var/www/html/w...')
#3 {main}
  thrown у /var/www/html/wp-study.loc/wp-content/themes/study-theme/template-home.php доступно 25

2023-04-24T10:31:22+00:00 CRITICAL Uncaught Error: Object of class stdClass could not be converted to string in /var/www/html/wp-study.loc/wp-content/themes/study-theme/template-home.php:25
Stack trace:
#0 /var/www/html/wp-study.loc/wp-includes/template-loader.php(106): include()
#1 /var/www/html/wp-study.loc/wp-blog-header.php(19): require_once('/var/www/html/w...')
#2 /var/www/html/wp-study.loc/index.php(17): require('/var/www/html/w...')
#3 {main}
  thrown у /var/www/html/wp-study.loc/wp-content/themes/study-theme/template-home.php доступно 25

2023-04-24T10:35:21+00:00 CRITICAL Uncaught Error: Object of class stdClass could not be converted to string in /var/www/html/wp-study.loc/wp-content/themes/study-theme/template-home.php:32
Stack trace:
#0 /var/www/html/wp-study.loc/wp-includes/template-loader.php(106): include()
#1 /var/www/html/wp-study.loc/wp-blog-header.php(19): require_once('/var/www/html/w...')
#2 /var/www/html/wp-study.loc/index.php(17): require('/var/www/html/w...')
#3 {main}
  thrown у /var/www/html/wp-study.loc/wp-content/themes/study-theme/template-home.php доступно 32

2023-04-24T10:36:02+00:00 CRITICAL Uncaught Error: Cannot use object of type stdClass as array in /var/www/html/wp-study.loc/wp-content/themes/study-theme/template-home.php:30
Stack trace:
#0 /var/www/html/wp-study.loc/wp-includes/template-loader.php(106): include()
#1 /var/www/html/wp-study.loc/wp-blog-header.php(19): require_once('/var/www/html/w...')
#2 /var/www/html/wp-study.loc/index.php(17): require('/var/www/html/w...')
#3 {main}
  thrown у /var/www/html/wp-study.loc/wp-content/themes/study-theme/template-home.php доступно 30

2023-04-24T10:36:19+00:00 CRITICAL Uncaught Error: Cannot use object of type stdClass as array in /var/www/html/wp-study.loc/wp-content/themes/study-theme/template-home.php:30
Stack trace:
#0 /var/www/html/wp-study.loc/wp-includes/template-loader.php(106): include()
#1 /var/www/html/wp-study.loc/wp-blog-header.php(19): require_once('/var/www/html/w...')
#2 /var/www/html/wp-study.loc/index.php(17): require('/var/www/html/w...')
#3 {main}
  thrown у /var/www/html/wp-study.loc/wp-content/themes/study-theme/template-home.php доступно 30

2023-04-24T10:37:06+00:00 CRITICAL Uncaught Error: Cannot use object of type stdClass as array in /var/www/html/wp-study.loc/wp-content/themes/study-theme/template-home.php:28
Stack trace:
#0 /var/www/html/wp-study.loc/wp-includes/template-loader.php(106): include()
#1 /var/www/html/wp-study.loc/wp-blog-header.php(19): require_once('/var/www/html/w...')
#2 /var/www/html/wp-study.loc/index.php(17): require('/var/www/html/w...')
#3 {main}
  thrown у /var/www/html/wp-study.loc/wp-content/themes/study-theme/template-home.php доступно 28

2023-04-24T10:37:59+00:00 CRITICAL syntax error, unexpected '[', expecting identifier (T_STRING) or variable (T_VARIABLE) or '{' or '$' у /var/www/html/wp-study.loc/wp-content/themes/study-theme/template-home.php доступно 28

2023-04-24T10:38:09+00:00 CRITICAL Uncaught Error: Cannot use object of type stdClass as array in /var/www/html/wp-study.loc/wp-content/themes/study-theme/template-home.php:28
Stack trace:
#0 /var/www/html/wp-study.loc/wp-includes/template-loader.php(106): include()
#1 /var/www/html/wp-study.loc/wp-blog-header.php(19): require_once('/var/www/html/w...')
#2 /var/www/html/wp-study.loc/index.php(17): require('/var/www/html/w...')
#3 {main}
  thrown у /var/www/html/wp-study.loc/wp-content/themes/study-theme/template-home.php доступно 28

2023-04-24T10:38:17+00:00 CRITICAL Uncaught Error: Cannot use object of type stdClass as array in /var/www/html/wp-study.loc/wp-content/themes/study-theme/template-home.php:28
Stack trace:
#0 /var/www/html/wp-study.loc/wp-includes/template-loader.php(106): include()
#1 /var/www/html/wp-study.loc/wp-blog-header.php(19): require_once('/var/www/html/w...')
#2 /var/www/html/wp-study.loc/index.php(17): require('/var/www/html/w...')
#3 {main}
  thrown у /var/www/html/wp-study.loc/wp-content/themes/study-theme/template-home.php доступно 28

2023-04-24T10:38:26+00:00 CRITICAL Uncaught Error: Cannot use object of type stdClass as array in /var/www/html/wp-study.loc/wp-content/themes/study-theme/template-home.php:28
Stack trace:
#0 /var/www/html/wp-study.loc/wp-includes/template-loader.php(106): include()
#1 /var/www/html/wp-study.loc/wp-blog-header.php(19): require_once('/var/www/html/w...')
#2 /var/www/html/wp-study.loc/index.php(17): require('/var/www/html/w...')
#3 {main}
  thrown у /var/www/html/wp-study.loc/wp-content/themes/study-theme/template-home.php доступно 28

2023-04-24T10:39:40+00:00 CRITICAL Uncaught Error: Cannot use object of type stdClass as array in /var/www/html/wp-study.loc/wp-content/themes/study-theme/template-home.php:28
Stack trace:
#0 /var/www/html/wp-study.loc/wp-includes/template-loader.php(106): include()
#1 /var/www/html/wp-study.loc/wp-blog-header.php(19): require_once('/var/www/html/w...')
#2 /var/www/html/wp-study.loc/index.php(17): require('/var/www/html/w...')
#3 {main}
  thrown у /var/www/html/wp-study.loc/wp-content/themes/study-theme/template-home.php доступно 28

2023-04-24T10:40:04+00:00 CRITICAL Cannot use [] for reading у /var/www/html/wp-study.loc/wp-content/themes/study-theme/template-home.php доступно 28

2023-04-24T10:52:47+00:00 CRITICAL Cannot use [] for reading у /var/www/html/wp-study.loc/wp-content/themes/study-theme/template-home.php доступно 29

2023-04-24T10:53:00+00:00 CRITICAL Cannot use [] for reading у /var/www/html/wp-study.loc/wp-content/themes/study-theme/template-home.php доступно 29

2023-04-24T11:45:12+00:00 CRITICAL Uncaught Error: Cannot use object of type stdClass as array in /var/www/html/wp-study.loc/wp-content/themes/study-theme/template-home.php:54
Stack trace:
#0 /var/www/html/wp-study.loc/wp-includes/template-loader.php(106): include()
#1 /var/www/html/wp-study.loc/wp-blog-header.php(19): require_once('/var/www/html/w...')
#2 /var/www/html/wp-study.loc/index.php(17): require('/var/www/html/w...')
#3 {main}
  thrown у /var/www/html/wp-study.loc/wp-content/themes/study-theme/template-home.php доступно 54

2023-04-24T12:36:39+00:00 CRITICAL Allowed memory size of 134217728 bytes exhausted (tried to allocate 8192 bytes) у /var/www/html/wp-study.loc/wp-includes/class-wpdb.php доступно 2431

2023-04-24T12:49:16+00:00 CRITICAL Allowed memory size of 134217728 bytes exhausted (tried to allocate 16384 bytes) у /var/www/html/wp-study.loc/wp-includes/class-wpdb.php доступно 2431

2023-04-24T13:00:30+00:00 CRITICAL Allowed memory size of 134217728 bytes exhausted (tried to allocate 20480 bytes) у /var/www/html/wp-study.loc/wp-includes/class-wpdb.php доступно 2397

2023-04-24T13:06:38+00:00 CRITICAL Uncaught ArgumentCountError: Too few arguments to function wpdb::delete(), 1 passed in /var/www/html/wp-study.loc/wp-content/themes/study-theme/template-home.php on line 76 and at least 2 expected in /var/www/html/wp-study.loc/wp-includes/class-wpdb.php:2768
Stack trace:
#0 /var/www/html/wp-study.loc/wp-content/themes/study-theme/template-home.php(76): wpdb->delete()
#1 /var/www/html/wp-study.loc/wp-includes/template-loader.php(106): include('/var/www/html/w...')
#2 /var/www/html/wp-study.loc/wp-blog-header.php(19): require_once('/var/www/html/w...')
#3 /var/www/html/wp-study.loc/index.php(17): require('/var/www/html/w...')
#4 {main}
  thrown у /var/www/html/wp-study.loc/wp-includes/class-wpdb.php доступно 2768

2023-04-24T13:07:00+00:00 CRITICAL Uncaught ArgumentCountError: Too few arguments to function wpdb::delete(), 1 passed in /var/www/html/wp-study.loc/wp-content/themes/study-theme/template-home.php on line 76 and at least 2 expected in /var/www/html/wp-study.loc/wp-includes/class-wpdb.php:2768
Stack trace:
#0 /var/www/html/wp-study.loc/wp-content/themes/study-theme/template-home.php(76): wpdb->delete()
#1 /var/www/html/wp-study.loc/wp-includes/template-loader.php(106): include('/var/www/html/w...')
#2 /var/www/html/wp-study.loc/wp-blog-header.php(19): require_once('/var/www/html/w...')
#3 /var/www/html/wp-study.loc/index.php(17): require('/var/www/html/w...')
#4 {main}
  thrown у /var/www/html/wp-study.loc/wp-includes/class-wpdb.php доступно 2768

2023-04-24T13:09:45+00:00 CRITICAL Uncaught ArgumentCountError: Too few arguments to function wpdb::delete(), 1 passed in /var/www/html/wp-study.loc/wp-content/themes/study-theme/template-home.php on line 76 and at least 2 expected in /var/www/html/wp-study.loc/wp-includes/class-wpdb.php:2768
Stack trace:
#0 /var/www/html/wp-study.loc/wp-content/themes/study-theme/template-home.php(76): wpdb->delete()
#1 /var/www/html/wp-study.loc/wp-includes/template-loader.php(106): include('/var/www/html/w...')
#2 /var/www/html/wp-study.loc/wp-blog-header.php(19): require_once('/var/www/html/w...')
#3 /var/www/html/wp-study.loc/index.php(17): require('/var/www/html/w...')
#4 {main}
  thrown у /var/www/html/wp-study.loc/wp-includes/class-wpdb.php доступно 2768

2023-04-24T13:12:29+00:00 CRITICAL syntax error, unexpected end of file у /var/www/html/wp-study.loc/wp-content/themes/study-theme/template-home.php доступно 267

2023-04-24T13:13:03+00:00 CRITICAL Uncaught ArgumentCountError: Too few arguments to function wpdb::delete(), 1 passed in /var/www/html/wp-study.loc/wp-content/themes/study-theme/template-home.php on line 75 and at least 2 expected in /var/www/html/wp-study.loc/wp-includes/class-wpdb.php:2768
Stack trace:
#0 /var/www/html/wp-study.loc/wp-content/themes/study-theme/template-home.php(75): wpdb->delete()
#1 /var/www/html/wp-study.loc/wp-includes/template-loader.php(106): include('/var/www/html/w...')
#2 /var/www/html/wp-study.loc/wp-blog-header.php(19): require_once('/var/www/html/w...')
#3 /var/www/html/wp-study.loc/index.php(17): require('/var/www/html/w...')
#4 {main}
  thrown у /var/www/html/wp-study.loc/wp-includes/class-wpdb.php доступно 2768

2023-04-24T13:34:41+00:00 CRITICAL Uncaught ArgumentCountError: Too few arguments to function wpdb::delete(), 1 passed in /var/www/html/wp-study.loc/wp-content/themes/study-theme/template-home.php on line 77 and at least 2 expected in /var/www/html/wp-study.loc/wp-includes/class-wpdb.php:2768
Stack trace:
#0 /var/www/html/wp-study.loc/wp-content/themes/study-theme/template-home.php(77): wpdb->delete()
#1 /var/www/html/wp-study.loc/wp-includes/template-loader.php(106): include('/var/www/html/w...')
#2 /var/www/html/wp-study.loc/wp-blog-header.php(19): require_once('/var/www/html/w...')
#3 /var/www/html/wp-study.loc/index.php(17): require('/var/www/html/w...')
#4 {main}
  thrown у /var/www/html/wp-study.loc/wp-includes/class-wpdb.php доступно 2768

2023-04-24T15:25:19+00:00 CRITICAL Allowed memory size of 134217728 bytes exhausted (tried to allocate 20480 bytes) у /var/www/html/wp-study.loc/wp-includes/functions.php доступно 6958

2023-04-24T15:36:04+00:00 CRITICAL Allowed memory size of 134217728 bytes exhausted (tried to allocate 20480 bytes) у /var/www/html/wp-study.loc/wp-includes/functions.php доступно 6958

